<?xml version="1.0" encoding="UTF-8"?>
<testng-results ignored="0" total="1" passed="1" failed="0" skipped="0">
  <reporter-output>
  </reporter-output>
  <suite started-at="2023-03-14T16:16:05 IST" name="Suite" finished-at="2023-03-14T16:16:31 IST" duration-ms="25863">
    <groups>
    </groups>
    <test started-at="2023-03-14T16:16:05 IST" name="Test" finished-at="2023-03-14T16:16:31 IST" duration-ms="25863">
      <class name="com.automation.generic.Hybrid_FW_Base_Class">
        <test-method signature="testopenBrowser()[pri:0, instance:com.automation.generic.Hybrid_FW_Base_Class@10163d6]" started-at="2023-03-14T16:16:05 IST" name="testopenBrowser" finished-at="2023-03-14T16:16:31 IST" duration-ms="25750" status="PASS">
          <reporter-output>
          </reporter-output>
        </test-method> <!-- testopenBrowser -->
      </class> <!-- com.automation.generic.Hybrid_FW_Base_Class -->
    </test> <!-- Test -->
  </suite> <!-- Suite -->
</testng-results>
